14
18
23
63
22
27
67
32
72
112
26
31
71
36
76
116
41
81
121
161
30
35
75
40
80
120
45
85
125
165
50
90
130
170
210
34
39
79
44
84
124
49
89
129
169
54
94
134
174
214
59
99
139
179
219
259
38
43
83
48
88
128
53
93
133
173
58
98
138
178
218
103
143
183
223
263
68
108
148
188
228
268
308
42
47
87
52
92
132
57
97
137
177
62
102
142
182
222
107
147
187
227
267
152
192
232
272
312
77
117
157
197
237
277
317
357
46
51
91
56
96
136
61
101
141
181
66
106
146
186
226
111
151
191
231
271
156
196
236
276
316
201
241
281
321
361
86
126
166
206
246
286
326
366
406
55
95
60
100
140
65
105
145
185
70
110
150
190
230
115
155
195
235
275
160
200
240
280
320
205
245
285
325
365
250
290
330
370
410
135
175
215
255
295
335
375
415
455
64
104
144
69
109
149
189
74
114
154
194
234
119
159
199
239
279
164
204
244
284
324
209
249
289
329
369
254
294
334
374
414
299
339
379
419
459
184
224
264
304
344
384
424
464
504
73
113
153
193
78
118
158
198
238
123
163
203
243
283
168
208
248
288
328
213
253
293
333
373
258
298
338
378
418
303
343
383
423
463
348
388
428
468
508
233
273
313
353
393
433
473
513
553
82
122
162
202
242
127
167
207
247
287
172
212
252
292
332
217
257
297
337
377
262
302
342
382
422
307
347
387
427
467
352
392
432
472
512
397
437
477
517
557
282
322
362
402
442
482
522
562
602
131
171
211
251
291
176
216
256
296
336
221
261
301
341
381
266
306
346
386
426
311
351
391
431
471
356
396
436
476
516
401
441
481
521
561
446
486
526
566
606
331
371
411
451
491
531
571
611
651
180
220
260
300
340
225
265
305
345
385
270
310
350
390
430
315
355
395
435
475
360
400
440
480
520
405
445
485
525
565
450
490
530
570
610
495
535
575
615
655
